<?xml version="1.0" encoding="UTF-8"?>
<!-- Generated by org.testng.reporters.JUnitReportReporter -->
<testsuite skipped="0" hostname="LAPTOP-HGJ6MDEE" name="com.testNg.Parallel" tests="4" failures="0" timestamp="2022-08-20T07:21:40 PDT" time="4.054" errors="0">
  <testcase name="Fashion" time="0.007" classname="com.testNg.Parallel"/>
  <system-out/>
  <testcase name="Laptops" time="2.020" classname="com.testNg.Parallel"/>
  <system-out/>
  <testcase name="Mobiles" time="2.020" classname="com.testNg.Parallel"/>
  <system-out/>
  <testcase name="Accessories" time="0.007" classname="com.testNg.Parallel"/>
  <system-out/>
</testsuite> <!-- com.testNg.Parallel -->
