<?xml version="1.0" encoding="UTF-8"?>
<!-- Generated by org.testng.reporters.JUnitReportReporter -->
<testsuite skipped="0" hostname="LAPTOP-HGJ6MDEE" name="com.testNg.Dataproviderexample" tests="3" failures="0" timestamp="2022-08-23T08:04:24 PDT" time="0.006" errors="0">
  <testcase name="method1" time="0.005" classname="com.testNg.Dataproviderexample"/>
  <system-out/>
  <testcase name="method1" time="0.001" classname="com.testNg.Dataproviderexample"/>
  <system-out/>
  <testcase name="method1" time="0.000" classname="com.testNg.Dataproviderexample"/>
  <system-out/>
</testsuite> <!-- com.testNg.Dataproviderexample -->
