<?xml version="1.0" encoding="UTF-8"?>
<!-- Generated by org.testng.reporters.JUnitReportReporter -->
<testsuite skipped="0" hostname="LAPTOP-HGJ6MDEE" name="com.testNg.Expected_Exceptions" tests="2" failures="0" timestamp="2022-08-17T10:17:17 PDT" time="0.007" errors="0">
  <testcase name="aLaptops" time="0.001" classname="com.testNg.Expected_Exceptions"/>
  <system-out/>
  <testcase name="Mobiles" time="0.006" classname="com.testNg.Expected_Exceptions"/>
  <system-out/>
</testsuite> <!-- com.testNg.Expected_Exceptions -->
