<?xml version="1.0" encoding="UTF-8"?>
<!-- Generated by org.testng.reporters.JUnitReportReporter -->
<testsuite skipped="0" hostname="LAPTOP-HGJ6MDEE" name="com.testNg.Grouping" tests="2" failures="0" timestamp="2022-08-20T07:14:23 PDT" time="0.009" errors="0">
  <testcase name="Laptops" time="0.007" classname="com.testNg.Grouping"/>
  <system-out/>
  <testcase name="Mobiles" time="0.002" classname="com.testNg.Grouping"/>
  <system-out/>
</testsuite> <!-- com.testNg.Grouping -->
