<?xml version="1.0" encoding="UTF-8"?>
<!-- Generated by org.testng.reporters.JUnitReportReporter -->
<testsuite skipped="1" hostname="LAPTOP-HGJ6MDEE" name="com.testNg.Testng_Ignore" tests="3" failures="0" timestamp="2022-08-16T11:13:54 PDT" time="0.007" errors="0">
  <testcase name="Accessories" time="0.006" classname="com.testNg.Testng_Ignore"/>
  <system-out/>
  <testcase name="Fashion" time="0.001" classname="com.testNg.Testng_Ignore"/>
  <system-out/>
  <testcase name="Mobiles" classname="com.testNg.Testng_Ignore">
    <skipped/>
  </testcase> <!-- Mobiles -->
  <system-out/>
</testsuite> <!-- com.testNg.Testng_Ignore -->
