<?xml version="1.0" encoding="UTF-8"?>
<!-- Generated by org.testng.reporters.JUnitReportReporter -->
<testsuite skipped="0" hostname="LAPTOP-HGJ6MDEE" name="com.testNg.Parametertest" tests="2" failures="0" timestamp="2022-08-23T08:03:26 PDT" time="0.013" errors="0">
  <testcase name="Method2" time="0.001" classname="com.testNg.Parametertest"/>
  <system-out/>
  <testcase name="Method1" time="0.012" classname="com.testNg.Parametertest"/>
  <system-out/>
</testsuite> <!-- com.testNg.Parametertest -->
