<?xml version="1.0" encoding="UTF-8"?>
<!-- Generated by org.testng.reporters.JUnitReportReporter -->
<testsuite skipped="0" hostname="LAPTOP-HGJ6MDEE" name="com.testNg.DependsonMthds" tests="4" failures="0" timestamp="2022-08-19T07:39:00 PDT" time="0.010" errors="0">
  <testcase name="Fashion" time="0.001" classname="com.testNg.DependsonMthds"/>
  <system-out/>
  <testcase name="Laptops" time="0.007" classname="com.testNg.DependsonMthds"/>
  <system-out/>
  <testcase name="Mobiles" time="0.001" classname="com.testNg.DependsonMthds"/>
  <system-out/>
  <testcase name="Accessories" time="0.001" classname="com.testNg.DependsonMthds"/>
  <system-out/>
</testsuite> <!-- com.testNg.DependsonMthds -->
