<?xml version="1.0" encoding="UTF-8"?>
<!-- Generated by org.testng.reporters.JUnitReportReporter -->
<testsuite skipped="0" hostname="LAPTOP-HGJ6MDEE" name="com.testNg.Timeout" tests="3" failures="0" timestamp="2022-08-17T10:26:58 PDT" time="3.026" errors="0">
  <testcase name="Mobiles" time="3.016" classname="com.testNg.Timeout"/>
  <system-out/>
  <testcase name="Accessories" time="0.006" classname="com.testNg.Timeout"/>
  <system-out/>
  <testcase name="Laptops" time="0.004" classname="com.testNg.Timeout"/>
  <system-out/>
</testsuite> <!-- com.testNg.Timeout -->
