<?xml version="1.0" encoding="UTF-8"?>
<!-- Generated by org.testng.reporters.JUnitReportReporter -->
<testsuite skipped="0" hostname="LAPTOP-HGJ6MDEE" name="com.testNg.SimpleAnnotations" tests="2" failures="0" timestamp="2022-08-16T11:01:51 PDT" time="0.007" errors="0">
  <testcase name="searchlaptop" time="0.005" classname="com.testNg.SimpleAnnotations"/>
  <system-out/>
  <testcase name="searchmobile" time="0.002" classname="com.testNg.SimpleAnnotations"/>
  <system-out/>
</testsuite> <!-- com.testNg.SimpleAnnotations -->
