<?xml version="1.0" encoding="UTF-8"?>
<!-- Generated by org.testng.reporters.JUnitReportReporter -->
<testsuite skipped="0" hostname="LAPTOP-HGJ6MDEE" name="com.testNg.Priority" tests="4" failures="0" timestamp="2022-08-16T11:24:27 PDT" time="0.009" errors="0">
  <testcase name="Laptops" time="0.006" classname="com.testNg.Priority"/>
  <system-out/>
  <testcase name="Fashion" time="0.001" classname="com.testNg.Priority"/>
  <system-out/>
  <testcase name="Accessories" time="0.001" classname="com.testNg.Priority"/>
  <system-out/>
  <testcase name="Mobiles" time="0.001" classname="com.testNg.Priority"/>
  <system-out/>
</testsuite> <!-- com.testNg.Priority -->
