<?xml version="1.0" encoding="UTF-8"?>
<!-- Generated by org.testng.reporters.JUnitReportReporter -->
<testsuite skipped="0" hostname="LAPTOP-HGJ6MDEE" name="com.testNg.Invocation_count" tests="8" failures="0" timestamp="2022-08-17T10:08:21 PDT" time="0.014" errors="0">
  <testcase name="Laptops" time="0.001" classname="com.testNg.Invocation_count"/>
  <system-out/>
  <testcase name="Laptops" time="0.000" classname="com.testNg.Invocation_count"/>
  <system-out/>
  <testcase name="Laptops" time="0.001" classname="com.testNg.Invocation_count"/>
  <system-out/>
  <testcase name="Mobiles" time="0.000" classname="com.testNg.Invocation_count"/>
  <system-out/>
  <testcase name="Accessories" time="0.010" classname="com.testNg.Invocation_count"/>
  <system-out/>
  <testcase name="Laptops" time="0.000" classname="com.testNg.Invocation_count"/>
  <system-out/>
  <testcase name="Fashion" time="0.001" classname="com.testNg.Invocation_count"/>
  <system-out/>
  <testcase name="Laptops" time="0.001" classname="com.testNg.Invocation_count"/>
  <system-out/>
</testsuite> <!-- com.testNg.Invocation_count -->
